<?xml version="1.0" encoding="UTF-8"?>
<testng-results ignored="0" total="1" passed="1" failed="0" skipped="0">
  <reporter-output>
  </reporter-output>
  <suite started-at="2024-08-08T12:12:21 IST" name="Default suite" finished-at="2024-08-08T12:12:25 IST" duration-ms="3904">
    <groups>
    </groups>
    <test started-at="2024-08-08T12:12:21 IST" name="Default test" finished-at="2024-08-08T12:12:25 IST" duration-ms="3904">
      <class name="com.api.Shoppers_Product_Review">
        <test-method signature="updateReview()[pri:0, instance:com.api.Shoppers_Product_Review@7c7b252e]" started-at="2024-08-08T12:12:21 IST" name="updateReview" finished-at="2024-08-08T12:12:25 IST" duration-ms="3842" status="PASS">
          <reporter-output>
          </reporter-output>
        </test-method> <!-- updateReview -->
      </class> <!-- com.api.Shoppers_Product_Review -->
    </test> <!-- Default test -->
  </suite> <!-- Default suite -->
</testng-results>
