<?xml version="1.0" encoding="UTF-8"?>
<!-- Generated by org.testng.reporters.JUnitXMLReporter -->
<testsuite ignored="2" hostname="Bikash" failures="0" tests="1" name="Default test" time="3.904" errors="0" timestamp="2024-08-08T12:12:25 IST">
  <testcase classname="com.api.Shoppers_Product_Review" name="updateReview" time="3.842"/>
  <testcase classname="com.api.Shoppers_Product_Review" name="addReview" time="0.0">
    <ignored/>
  </testcase> <!-- addReview -->
  <testcase classname="com.api.Shoppers_Product_Review" name="getReview" time="0.0">
    <ignored/>
  </testcase> <!-- getReview -->
</testsuite> <!-- Default test -->
